0 verbose cli /usr/bin/node /usr/bin/npm
1 info using npm@9.8.1
2 info using node@v16.20.2
3 timing npm:load:whichnode Completed in 2ms
4 timing config:load:defaults Completed in 2ms
5 timing config:load:file:/usr/lib/node_modules/npm/npmrc Completed in 1ms
6 timing config:load:builtin Completed in 1ms
7 timing config:load:cli Completed in 20ms
8 timing config:load:env Completed in 1ms
9 timing config:load:project Completed in 1ms
10 timing config:load:file:/root/.npmrc Completed in 4ms
11 timing config:load:user Completed in 5ms
12 timing config:load:file:/usr/etc/npmrc Completed in 0ms
13 timing config:load:global Completed in 1ms
14 timing config:load:setEnvs Completed in 1ms
15 timing config:load Completed in 32ms
16 timing npm:load:configload Completed in 32ms
17 timing config:load:flatten Completed in 4ms
18 timing npm:load:mkdirpcache Completed in 0ms
19 timing npm:load:mkdirplogs Completed in 0ms
20 verbose title npm install npm@9.8.1
21 verbose argv "install" "--global" "npm@9.8.1" "--unsafe-perm" "true" "--allow-root"
22 timing npm:load:setTitle Completed in 1ms
23 timing npm:load:display Completed in 1ms
24 verbose logfile logs-max:10 dir:/root/.npm/_logs/2023-10-10T04_24_16_976Z-
25 verbose logfile /root/.npm/_logs/2023-10-10T04_24_16_976Z-debug-0.log
26 timing npm:load:logFile Completed in 13ms
27 timing npm:load:timers Completed in 0ms
28 timing npm:load:configScope Completed in 0ms
29 timing npm:load Completed in 80ms
30 timing config:load:flatten Completed in 1ms
31 silly logfile done cleaning log files
32 http fetch GET 200 https://registry.npmjs.org/npm 144ms (cache revalidated)
33 timing arborist:ctor Completed in 0ms
34 timing idealTree:init Completed in 23ms
35 timing idealTree:userRequests Completed in 4ms
36 silly idealTree buildDeps
37 silly fetch manifest npm@9.8.1
38 http fetch GET 200 https://registry.npmjs.org/npm 21ms (cache hit)
39 silly placeDep ROOT npm@9.8.1 OK for:  want: 9.8.1
40 timing idealTree:#root Completed in 63ms
41 timing idealTree:node_modules/npm Completed in 0ms
42 timing idealTree:buildDeps Completed in 66ms
43 timing idealTree:fixDepFlags Completed in 1ms
44 timing idealTree Completed in 96ms
45 timing reify:loadTrees Completed in 315ms
46 timing reify:diffTrees Completed in 10ms
47 silly reify mark retired [ '/usr/lib/node_modules/npm', '/usr/bin/npm', '/usr/bin/npx' ]
48 silly reify moves {
48 silly reify   '/usr/lib/node_modules/npm': '/usr/lib/node_modules/.npm-qUIFSsiV',
48 silly reify   '/usr/bin/npm': '/usr/bin/.npm-CxSgn0z2',
48 silly reify   '/usr/bin/npx': '/usr/bin/.npx-akSQqeWh'
48 silly reify }
49 timing reify:retireShallow Completed in 12ms
50 timing reify:createSparse Completed in 0ms
51 timing reifyNode:node_modules/npm Completed in 1596ms
52 timing arborist:ctor Completed in 0ms
53 timing reify:diffTrees Completed in 11ms
54 timing reify:loadBundles Completed in 1900ms
55 timing reify:unpack Completed in 5ms
56 timing reify:unretire Completed in 1ms
57 timing build:queue Completed in 12ms
58 timing build:link:node_modules/npm/node_modules/@npmcli/arborist Completed in 5ms
59 timing build:link:node_modules/npm/node_modules/cross-spawn/node_modules/which Completed in 5ms
60 timing build:link:node_modules/npm/node_modules/node-gyp/node_modules/nopt Completed in 5ms
61 timing build:link:node_modules/npm Completed in 7ms
62 timing build:link:node_modules/npm/node_modules/@npmcli/installed-package-contents Completed in 6ms
63 timing build:link:node_modules/npm/node_modules/color-support Completed in 6ms
64 timing build:link:node_modules/npm/node_modules/cssesc Completed in 6ms
65 timing build:link:node_modules/npm/node_modules/glob Completed in 6ms
66 timing build:link:node_modules/npm/node_modules/mkdirp Completed in 6ms
67 timing build:link:node_modules/npm/node_modules/node-gyp Completed in 6ms
68 timing build:link:node_modules/npm/node_modules/nopt Completed in 6ms
69 timing build:link:node_modules/npm/node_modules/pacote Completed in 5ms
70 timing build:link:node_modules/npm/node_modules/qrcode-terminal Completed in 5ms
71 timing build:link:node_modules/npm/node_modules/rimraf Completed in 5ms
72 timing build:link:node_modules/npm/node_modules/semver Completed in 5ms
73 timing build:link:node_modules/npm/node_modules/sigstore Completed in 5ms
74 timing build:link:node_modules/npm/node_modules/which Completed in 5ms
75 timing build:link:node_modules/npm/node_modules/node-gyp/node_modules/which Completed in 5ms
76 timing build:link Completed in 7ms
77 timing build:deps Completed in 19ms
78 timing build Completed in 20ms
79 timing reify:build Completed in 20ms
80 timing reify:trash Completed in 111ms
81 timing reify Completed in 2402ms
82 silly CHANGE node_modules/npm
83 silly CHANGE node_modules/npm/node_modules/@npmcli/installed-package-contents
84 silly CHANGE node_modules/npm/node_modules/@npmcli/arborist
85 silly CHANGE node_modules/npm/node_modules/which
86 silly CHANGE node_modules/npm/node_modules/sigstore
87 silly CHANGE node_modules/npm/node_modules/semver
88 silly CHANGE node_modules/npm/node_modules/rimraf
89 silly CHANGE node_modules/npm/node_modules/qrcode-terminal
90 silly CHANGE node_modules/npm/node_modules/pacote
91 silly CHANGE node_modules/npm/node_modules/nopt
92 silly CHANGE node_modules/npm/node_modules/node-gyp
93 silly CHANGE node_modules/npm/node_modules/node-gyp/node_modules/which
94 silly CHANGE node_modules/npm/node_modules/node-gyp/node_modules/nopt
95 silly CHANGE node_modules/npm/node_modules/mkdirp
96 silly CHANGE node_modules/npm/node_modules/glob
97 silly CHANGE node_modules/npm/node_modules/cssesc
98 silly CHANGE node_modules/npm/node_modules/cross-spawn/node_modules/which
99 silly CHANGE node_modules/npm/node_modules/color-support
100 timing command:install Completed in 2612ms
101 verbose exit 0
102 timing npm Completed in 2917ms
103 info ok
